#
# A fatal error has been detected by the Java Runtime Environment:
#
#  EXCEPTION_ACCESS_VIOLATION (0xc0000005) at pc=0x000000005be4248b, pid=12576, tid=12764
#
# JRE version: Java(TM) SE Runtime Environment (7.0_45-b18) (build 1.7.0_45-b18)
# Java VM: Java HotSpot(TM) 64-Bit Server VM (24.45-b08 mixed mode windows-amd64 compressed oops)
# Problematic frame:
# V  [jvm.dll+0x14248b]
#
# Failed to write core dump. Minidumps are not enabled by default on client versions of Windows
#
# If you would like to submit a bug report, please visit:
#   http://bugreport.sun.com/bugreport/crash.jsp
#

---------------  T H R E A D  ---------------

Current thread (0x00000000081ed000):  JavaThread "JDWP Transport Listener: dt_socket" daemon [_thread_in_vm, id=12764, stack(0x0000000009a40000,0x0000000009b40000)]

siginfo: ExceptionCode=0xc0000005, reading address 0xffffffffffffffff

Registers:
RAX=0x0000000009b3f401, RBX=0x00000000081ed000, RCX=0x74746150656d6954, RDX=0x0000000000000000
RSP=0x0000000009b3f3b0, RBP=0x74746150656d6954, RSI=0x0000000009b3f4c8, RDI=0x0000000000ae7f50
R8 =0x00000000081ed000, R9 =0x0000000008202910, R10=0x00007ff8922a0000, R11=0x000000000825e3e1
R12=0x0000000000000000, R13=0x00000000081c27d8, R14=0x0000000000000000, R15=0x0000000000000000
RIP=0x000000005be4248b, EFLAGS=0x0000000000010202

Top of Stack: (sp=0x0000000009b3f3b0)
0x0000000009b3f3b0:   00000000081ed000 000000000825d7b0
0x0000000009b3f3c0:   0000000009b3f478 000000005bfe1039
0x0000000009b3f3d0:   00000000081ed000 000000005bffebe2
0x0000000009b3f3e0:   0000000000000000 000000005b668e89
0x0000000009b3f3f0:   00000000081b9a20 000000005b67265a
0x0000000009b3f400:   00000000081ed000 0000000000000000
0x0000000009b3f410:   0000000000000000 0000000000000000
0x0000000009b3f420:   74746150656d6954 000000005b671751
0x0000000009b3f430:   0000000009b3f4c8 0000000009b3f4a0
0x0000000009b3f440:   0000000000000001 00000000081b9a20
0x0000000009b3f450:   74746150656d6954 000000005b6553b3
0x0000000009b3f460:   0000000009b3f590 0000000000000001
0x0000000009b3f470:   0000000000000001 00000000081b9a20
0x0000000009b3f480:   000000000000000a 0000000000000000
0x0000000009b3f490:   0000000000000000 0000000000000000
0x0000000009b3f4a0:   0000000000000001 000000005b655571 

Instructions: (pc=0x000000005be4248b)
0x000000005be4246b:   48 8b 5c 24 30 48 89 47 18 48 83 c4 20 5f c3 cc
0x000000005be4247b:   cc cc cc cc cc 40 53 48 83 ec 20 48 85 c9 74 54
0x000000005be4248b:   48 8b 19 48 85 db 74 4c 48 b8 fe fe fe fe fe fe
0x000000005be4249b:   fe fe 48 3b d8 74 3d 80 3d 8f 87 60 00 00 74 15 


Register to memory mapping:

RAX=0x0000000009b3f401 is pointing into the stack for thread: 0x00000000081ed000
RBX=0x00000000081ed000 is a thread
RCX=0x74746150656d6954 is an unknown value
RDX=0x0000000000000000 is an unknown value
RSP=0x0000000009b3f3b0 is pointing into the stack for thread: 0x00000000081ed000
RBP=0x74746150656d6954 is an unknown value
RSI=0x0000000009b3f4c8 is pointing into the stack for thread: 0x00000000081ed000
RDI=0x0000000000ae7f50 is an unknown value
R8 =0x00000000081ed000 is a thread
R9 =0x0000000008202910 is an unknown value
R10=0x00007ff8922a0000 is an unknown value
R11=0x000000000825e3e1 is an unknown value
R12=0x0000000000000000 is an unknown value
R13=0x00000000081c27d8 is an unknown value
R14=0x0000000000000000 is an unknown value
R15=0x0000000000000000 is an unknown value


Stack: [0x0000000009a40000,0x0000000009b40000],  sp=0x0000000009b3f3b0,  free space=1020k
Native frames: (J=compiled Java code, j=interpreted, Vv=VM code, C=native code)
V  [jvm.dll+0x14248b]


---------------  P R O C E S S  ---------------

Java Threads: ( => current thread )
  0x000000000820f000 JavaThread "Service Thread" daemon [_thread_blocked, id=9768, stack(0x0000000009f40000,0x000000000a040000)]
  0x0000000008213800 JavaThread "C2 CompilerThread1" daemon [_thread_blocked, id=11300, stack(0x0000000009e40000,0x0000000009f40000)]
  0x000000000820e800 JavaThread "C2 CompilerThread0" daemon [_thread_blocked, id=10184, stack(0x0000000009d40000,0x0000000009e40000)]
  0x00000000081fc800 JavaThread "JDWP Command Reader" daemon [_thread_in_native, id=4028, stack(0x0000000009c40000,0x0000000009d40000)]
  0x00000000081f9800 JavaThread "JDWP Event Helper Thread" daemon [_thread_blocked, id=828, stack(0x0000000009b40000,0x0000000009c40000)]
=>0x00000000081ed000 JavaThread "JDWP Transport Listener: dt_socket" daemon [_thread_in_vm, id=12764, stack(0x0000000009a40000,0x0000000009b40000)]
  0x00000000081c3000 JavaThread "Attach Listener" daemon [_thread_blocked, id=12412, stack(0x0000000009660000,0x0000000009760000)]
  0x00000000081c0000 JavaThread "Signal Dispatcher" daemon [_thread_blocked, id=12596, stack(0x0000000009560000,0x0000000009660000)]
  0x00000000081ad800 JavaThread "Finalizer" daemon [_thread_blocked, id=9888, stack(0x0000000009460000,0x0000000009560000)]
  0x00000000081a3800 JavaThread "Reference Handler" daemon [_thread_blocked, id=13100, stack(0x0000000009360000,0x0000000009460000)]
  0x0000000000aed800 JavaThread "main" [_thread_blocked, id=4780, stack(0x0000000002260000,0x0000000002360000)]

Other Threads:
  0x00000000081a0800 VMThread [stack: 0x0000000009260000,0x0000000009360000] [id=5212]
  0x0000000008228000 WatcherThread [stack: 0x000000000a040000,0x000000000a140000] [id=8476]

VM state:not at safepoint (normal execution)

VM Mutex/Monitor currently owned by a thread: None

Heap
 PSYoungGen      total 18944K, used 1318K [0x00000000eb400000, 0x00000000ec900000, 0x0000000100000000)
  eden space 16384K, 8% used [0x00000000eb400000,0x00000000eb549be8,0x00000000ec400000)
  from space 2560K, 0% used [0x00000000ec680000,0x00000000ec680000,0x00000000ec900000)
  to   space 2560K, 0% used [0x00000000ec400000,0x00000000ec400000,0x00000000ec680000)
 ParOldGen       total 42496K, used 0K [0x00000000c1c00000, 0x00000000c4580000, 0x00000000eb400000)
  object space 42496K, 0% used [0x00000000c1c00000,0x00000000c1c00000,0x00000000c4580000)
 PSPermGen       total 21504K, used 3304K [0x00000000bca00000, 0x00000000bdf00000, 0x00000000c1c00000)
  object space 21504K, 15% used [0x00000000bca00000,0x00000000bcd3a268,0x00000000bdf00000)

Card table byte_map: [0x0000000005520000,0x0000000005740000] byte_map_base: 0x0000000004f3b000

Polling page: 0x00000000009e0000

Code Cache  [0x0000000002460000, 0x00000000026d0000, 0x0000000005460000)
 total_blobs=193 nmethods=3 adapters=151 free_code_cache=48760Kb largest_free_block=49915136

Compilation events (6 events):
Event: 0.237 Thread 0x000000000820e800    1             sun.misc.ASCIICaseInsensitiveComparator::compare (126 bytes)
Event: 0.237 Thread 0x0000000008213800    2             java.lang.String::charAt (29 bytes)
Event: 0.243 Thread 0x0000000008213800 nmethod 2 0x00000000024c0bd0 code [0x00000000024c0d20, 0x00000000024c0df8]
Event: 0.249 Thread 0x000000000820e800 nmethod 1 0x00000000024c0190 code [0x00000000024c02e0, 0x00000000024c0718]
Event: 0.257 Thread 0x0000000008213800    3             java.lang.String::hashCode (55 bytes)
Event: 0.260 Thread 0x0000000008213800 nmethod 3 0x00000000024bf750 code [0x00000000024bf880, 0x00000000024bf9f8]

GC Heap History (0 events):
No events

Deoptimization events (0 events):
No events

Internal exceptions (6 events):
Event: 0.031 Thread 0x0000000000aed800 Threw 0x00000000eb4107b0 at C:\re\jdk7u45\229\hotspot\src\share\vm\prims\jni.cpp:3991
Event: 0.212 Thread 0x0000000000aed800 Threw 0x00000000eb461ae0 at C:\re\jdk7u45\229\hotspot\src\share\vm\prims\jvm.cpp:1244
Event: 0.242 Thread 0x0000000000aed800 Threw 0x00000000eb48d090 at C:\re\jdk7u45\229\hotspot\src\share\vm\prims\jvm.cpp:1244
Event: 0.242 Thread 0x0000000000aed800 Threw 0x00000000eb48d1b8 at C:\re\jdk7u45\229\hotspot\src\share\vm\prims\jvm.cpp:1244
Event: 0.243 Thread 0x0000000000aed800 Threw 0x00000000eb4906f0 at C:\re\jdk7u45\229\hotspot\src\share\vm\prims\jvm.cpp:1244
Event: 0.244 Thread 0x0000000000aed800 Threw 0x00000000eb490818 at C:\re\jdk7u45\229\hotspot\src\share\vm\prims\jvm.cpp:1244

Events (10 events):
Event: 0.265 loading class 0x0000000008234da0
Event: 0.265 loading class 0x0000000008234da0 done
Event: 0.266 loading class 0x0000000008234a20
Event: 0.266 loading class 0x0000000008234a20 done
Event: 0.266 loading class 0x00000000081b4180
Event: 0.266 loading class 0x00000000081b4180 done
Event: 4.247 Executing VM operation: EnableBiasedLocking
Event: 4.247 Executing VM operation: EnableBiasedLocking done
Event: 551.093 Executing VM operation: RedefineClasses
Event: 551.094 Executing VM operation: RedefineClasses done


Dynamic libraries:
0x00007ff683b40000 - 0x00007ff683b73000 	C:\Program Files\Java\jre7\bin\javaw.exe
0x00007ff8922a0000 - 0x00007ff892449000 	C:\WINDOWS\SYSTEM32\ntdll.dll
0x00007ff890c40000 - 0x00007ff890d79000 	C:\WINDOWS\system32\KERNEL32.DLL
0x00007ff88f6f0000 - 0x00007ff88f7fe000 	C:\WINDOWS\system32\KERNELBASE.dll
0x00007ff88e250000 - 0x00007ff88e2db000 	C:\WINDOWS\system32\apphelp.dll
0x00007ff889550000 - 0x00007ff88959f000 	C:\WINDOWS\AppPatch\AppPatch64\AcGenral.DLL
0x00007ff88ffd0000 - 0x00007ff890077000 	C:\WINDOWS\system32\msvcrt.dll
0x00007ff88f4d0000 - 0x00007ff88f4fb000 	C:\WINDOWS\SYSTEM32\SspiCli.dll
0x00007ff890390000 - 0x00007ff8903e1000 	C:\WINDOWS\system32\SHLWAPI.dll
0x00007ff890900000 - 0x00007ff890a71000 	C:\WINDOWS\system32\USER32.dll
0x00007ff8903f0000 - 0x00007ff890566000 	C:\WINDOWS\system32\ole32.dll
0x00007ff890df0000 - 0x00007ff8921ff000 	C:\WINDOWS\system32\SHELL32.dll
0x00007ff88eca0000 - 0x00007ff88ecbf000 	C:\WINDOWS\SYSTEM32\USERENV.dll
0x00007ff890280000 - 0x00007ff890325000 	C:\WINDOWS\system32\ADVAPI32.dll
0x00007ff87fc70000 - 0x00007ff87fc8b000 	C:\WINDOWS\SYSTEM32\MPR.dll
0x00007ff890b00000 - 0x00007ff890c36000 	C:\WINDOWS\system32\RPCRT4.dll
0x00007ff890330000 - 0x00007ff890387000 	C:\WINDOWS\SYSTEM32\sechost.dll
0x00007ff88fd00000 - 0x00007ff88fed7000 	C:\WINDOWS\SYSTEM32\combase.dll
0x00007ff88fbb0000 - 0x00007ff88fcf5000 	C:\WINDOWS\system32\GDI32.dll
0x00007ff88f620000 - 0x00007ff88f634000 	C:\WINDOWS\SYSTEM32\profapi.dll
0x00007ff88da50000 - 0x00007ff88daf1000 	C:\WINDOWS\SYSTEM32\SHCORE.dll
0x00007ff88ff90000 - 0x00007ff88ffc4000 	C:\WINDOWS\system32\IMM32.DLL
0x00007ff890080000 - 0x00007ff8901b8000 	C:\WINDOWS\system32\MSCTF.dll
0x00007ff88c4a0000 - 0x00007ff88c6fa000 	C:\WINDOWS\WinSxS\amd64_microsoft.windows.common-controls_6595b64144ccf1df_6.0.9600.16384_none_62475f7becb72503\COMCTL32.dll
0x000000005c4d0000 - 0x000000005c5a2000 	C:\Program Files\Java\jre7\bin\msvcr100.dll
0x000000005bd00000 - 0x000000005c4c9000 	C:\Program Files\Java\jre7\bin\server\jvm.dll
0x00007ff886e80000 - 0x00007ff886e89000 	C:\WINDOWS\SYSTEM32\WSOCK32.dll
0x00007ff88a1e0000 - 0x00007ff88a1ff000 	C:\WINDOWS\SYSTEM32\WINMM.dll
0x00007ff890ae0000 - 0x00007ff890ae7000 	C:\WINDOWS\system32\PSAPI.DLL
0x00007ff890a80000 - 0x00007ff890ad8000 	C:\WINDOWS\system32\WS2_32.dll
0x00007ff88a1b0000 - 0x00007ff88a1da000 	C:\WINDOWS\SYSTEM32\WINMMBASE.dll
0x00007ff890af0000 - 0x00007ff890af9000 	C:\WINDOWS\system32\NSI.dll
0x00007ff88f800000 - 0x00007ff88f84a000 	C:\WINDOWS\SYSTEM32\cfgmgr32.dll
0x00007ff88e4a0000 - 0x00007ff88e4c6000 	C:\WINDOWS\SYSTEM32\DEVOBJ.dll
0x000000005bcf0000 - 0x000000005bcff000 	C:\Program Files\Java\jre7\bin\verify.dll
0x000000005bcc0000 - 0x000000005bce8000 	C:\Program Files\Java\jre7\bin\java.dll
0x000000005b650000 - 0x000000005b685000 	C:\Program Files\Java\jre7\bin\jdwp.dll
0x000000005b640000 - 0x000000005b648000 	C:\Program Files\Java\jre7\bin\npt.dll
0x000000005bca0000 - 0x000000005bcb5000 	C:\Program Files\Java\jre7\bin\zip.dll
0x000000005b630000 - 0x000000005b639000 	C:\Program Files\Java\jre7\bin\dt_socket.dll
0x00007ff880850000 - 0x00007ff880864000 	C:\WINDOWS\system32\napinsp.dll
0x00007ff880830000 - 0x00007ff880849000 	C:\WINDOWS\system32\pnrpnsp.dll
0x00007ff88b880000 - 0x00007ff88b899000 	C:\WINDOWS\system32\NLAapi.dll
0x00007ff88eeb0000 - 0x00007ff88ef08000 	C:\WINDOWS\System32\mswsock.dll
0x00007ff88ecc0000 - 0x00007ff88ed63000 	C:\WINDOWS\SYSTEM32\DNSAPI.dll
0x00007ff880820000 - 0x00007ff88082c000 	C:\WINDOWS\System32\winrnr.dll
0x00007ff880800000 - 0x00007ff880813000 	C:\WINDOWS\system32\wshbth.dll
0x00007ff889c40000 - 0x00007ff889ca7000 	C:\WINDOWS\System32\fwpuclnt.dll
0x00007ff884c80000 - 0x00007ff884c89000 	C:\Windows\System32\rasadhlp.dll
0x00007ff87cc40000 - 0x00007ff87cdc8000 	C:\WINDOWS\SYSTEM32\dbghelp.dll

VM Arguments:
jvm_args: -agentlib:jdwp=transport=dt_socket,suspend=y,address=localhost:11759 -Dfile.encoding=Cp1255 
java_command: block_ciphers.DES_Cipher p.txt p_.txt k.txt
Launcher Type: SUN_STANDARD

Environment Variables:
PATH=C:\WINDOWS\system32;C:\WINDOWS;C:\WINDOWS\System32\Wbem;C:\WINDOWS\System32\WindowsPowerShell\v1.0\;C:\Program Files (x86)\Microsoft ASP.NET\ASP.NET Web Pages\v1.0\;C:\Program Files\Microsoft SQL Server\110\Tools\Binn\;C:\Program Files\Intel\WiFi\bin\;C:\Program Files\Common Files\Intel\WirelessCommon\;C:\Program Files (x86)\Microsoft SQL Server\100\Tools\Binn\;C:\Program Files\Microsoft SQL Server\100\Tools\Binn\;C:\Program Files\Microsoft SQL Server\100\DTS\Binn\;C:\Program Files (x86)\Windows Kits\8.0\Windows Performance Toolkit\;C:\Program Files\nodejs\;C:\Program Files\TortoiseSVN\bin;C:\Program Files\Microsoft\Web Platform Installer\;C:\Program Files\Java\jdk1.7.0_45\bin;C:\Program Files (x86)\Nmap
USERNAME=Nemo2
OS=Windows_NT
PROCESSOR_IDENTIFIER=Intel64 Family 6 Model 58 Stepping 9, GenuineIntel



---------------  S Y S T E M  ---------------

OS: Windows 8 , 64 bit Build 9200 

CPU:total 4 (2 cores per cpu, 2 threads per core) family 6 model 58 stepping 9, cmov, cx8, fxsr, mmx, sse, sse2, sse3, ssse3, sse4.1, sse4.2, popcnt, avx, aes, erms, ht, tsc, tscinvbit, tscinv

Memory: 4k page, physical 4077484k(1016188k free), swap 8098228k(2448024k free)

vm_info: Java HotSpot(TM) 64-Bit Server VM (24.45-b08) for windows-amd64 JRE (1.7.0_45-b18), built on Oct  8 2013 05:47:22 by "java_re" with unknown MS VC++:1600

time: Sun Jan 12 01:00:25 2014
elapsed time: 551 seconds

