#
# A fatal error has been detected by the Java Runtime Environment:
#
#  EXCEPTION_ACCESS_VIOLATION (0xc0000005) at pc=0x000000005be4248b, pid=4348, tid=6004
#
# JRE version: Java(TM) SE Runtime Environment (7.0_45-b18) (build 1.7.0_45-b18)
# Java VM: Java HotSpot(TM) 64-Bit Server VM (24.45-b08 mixed mode windows-amd64 compressed oops)
# Problematic frame:
# V  [jvm.dll+0x14248b]
#
# Failed to write core dump. Minidumps are not enabled by default on client versions of Windows
#
# If you would like to submit a bug report, please visit:
#   http://bugreport.sun.com/bugreport/crash.jsp
#

---------------  T H R E A D  ---------------

Current thread (0x0000000007de8000):  JavaThread "JDWP Transport Listener: dt_socket" daemon [_thread_in_vm, id=6004, stack(0x0000000009650000,0x0000000009750000)]

siginfo: ExceptionCode=0xc0000005, reading address 0xffffffffffffffff

Registers:
RAX=0x000000000974f601, RBX=0x0000000007de8000, RCX=0xd70800019cd795d7, RDX=0x0000000000000000
RSP=0x000000000974f5c0, RBP=0xd70800019cd795d7, RSI=0x000000000974f6d8, RDI=0x0000000001ed7f50
R8 =0x0000000007de8000, R9 =0x0000000007e2d980, R10=0x00007ff8922a0000, R11=0x0000000009e74731
R12=0x0000000000000000, R13=0x0000000007de12d8, R14=0x0000000000000000, R15=0x0000000000000000
RIP=0x000000005be4248b, EFLAGS=0x0000000000010286

Top of Stack: (sp=0x000000000974f5c0)
0x000000000974f5c0:   0000000007de8000 0000000009e0e7a0
0x000000000974f5d0:   000000000974f688 000000005bfe1039
0x000000000974f5e0:   0000000007de8000 000000005bffebe2
0x000000000974f5f0:   0000000000000000 000000005b668e89
0x000000000974f600:   0000000007dd1ba8 000000005b67265a
0x000000000974f610:   0000000007de8000 0000000000000000
0x000000000974f620:   0000000000000000 0000000000000000
0x000000000974f630:   d70800019cd795d7 000000005b671751
0x000000000974f640:   000000000974f6d8 000000000974f6b0
0x000000000974f650:   0000000000000001 0000000007dd1ba8
0x000000000974f660:   d70800019cd795d7 000000005b6553b3
0x000000000974f670:   000000000974f7a0 0000000000000001
0x000000000974f680:   0000000000000001 0000000007dd1ba8
0x000000000974f690:   000000000000000a 0000000000000000
0x000000000974f6a0:   0000000000000000 0000000000000000
0x000000000974f6b0:   0000000000000001 000000005b655571 

Instructions: (pc=0x000000005be4248b)
0x000000005be4246b:   48 8b 5c 24 30 48 89 47 18 48 83 c4 20 5f c3 cc
0x000000005be4247b:   cc cc cc cc cc 40 53 48 83 ec 20 48 85 c9 74 54
0x000000005be4248b:   48 8b 19 48 85 db 74 4c 48 b8 fe fe fe fe fe fe
0x000000005be4249b:   fe fe 48 3b d8 74 3d 80 3d 8f 87 60 00 00 74 15 


Register to memory mapping:

RAX=0x000000000974f601 is pointing into the stack for thread: 0x0000000007de8000
RBX=0x0000000007de8000 is a thread
RCX=0xd70800019cd795d7 is an unknown value
RDX=0x0000000000000000 is an unknown value
RSP=0x000000000974f5c0 is pointing into the stack for thread: 0x0000000007de8000
RBP=0xd70800019cd795d7 is an unknown value
RSI=0x000000000974f6d8 is pointing into the stack for thread: 0x0000000007de8000
RDI=0x0000000001ed7f50 is an unknown value
R8 =0x0000000007de8000 is a thread
R9 =0x0000000007e2d980 is an unknown value
R10=0x00007ff8922a0000 is an unknown value
R11=0x0000000009e74731 is an unknown value
R12=0x0000000000000000 is an unknown value
R13=0x0000000007de12d8 is an unknown value
R14=0x0000000000000000 is an unknown value
R15=0x0000000000000000 is an unknown value


Stack: [0x0000000009650000,0x0000000009750000],  sp=0x000000000974f5c0,  free space=1021k
Native frames: (J=compiled Java code, j=interpreted, Vv=VM code, C=native code)
V  [jvm.dll+0x14248b]


---------------  P R O C E S S  ---------------

Java Threads: ( => current thread )
  0x0000000007e3d000 JavaThread "Service Thread" daemon [_thread_blocked, id=5292, stack(0x0000000009b50000,0x0000000009c50000)]
  0x0000000007e34000 JavaThread "C2 CompilerThread1" daemon [_thread_blocked, id=10252, stack(0x0000000009a50000,0x0000000009b50000)]
  0x0000000007e32800 JavaThread "C2 CompilerThread0" daemon [_thread_blocked, id=7260, stack(0x0000000009950000,0x0000000009a50000)]
  0x0000000007e1d000 JavaThread "JDWP Command Reader" daemon [_thread_in_native, id=9312, stack(0x0000000009850000,0x0000000009950000)]
  0x0000000007e1a000 JavaThread "JDWP Event Helper Thread" daemon [_thread_blocked, id=4876, stack(0x0000000009750000,0x0000000009850000)]
=>0x0000000007de8000 JavaThread "JDWP Transport Listener: dt_socket" daemon [_thread_in_vm, id=6004, stack(0x0000000009650000,0x0000000009750000)]
  0x0000000007e0e000 JavaThread "Attach Listener" daemon [_thread_blocked, id=11792, stack(0x0000000009270000,0x0000000009370000)]
  0x0000000007e0d000 JavaThread "Signal Dispatcher" daemon [_thread_blocked, id=6560, stack(0x0000000009170000,0x0000000009270000)]
  0x0000000007dcd800 JavaThread "Finalizer" daemon [_thread_blocked, id=10600, stack(0x0000000009070000,0x0000000009170000)]
  0x0000000007dc4800 JavaThread "Reference Handler" daemon [_thread_blocked, id=6364, stack(0x0000000008f70000,0x0000000009070000)]
  0x0000000001edd800 JavaThread "main" [_thread_blocked, id=11672, stack(0x0000000001da0000,0x0000000001ea0000)]

Other Threads:
  0x0000000007dbf800 VMThread [stack: 0x0000000008e70000,0x0000000008f70000] [id=7652]
  0x0000000007e4a800 WatcherThread [stack: 0x0000000009c50000,0x0000000009d50000] [id=7396]

VM state:not at safepoint (normal execution)

VM Mutex/Monitor currently owned by a thread: None

Heap
 PSYoungGen      total 18944K, used 1318K [0x00000000eb400000, 0x00000000ec900000, 0x0000000100000000)
  eden space 16384K, 8% used [0x00000000eb400000,0x00000000eb549be8,0x00000000ec400000)
  from space 2560K, 0% used [0x00000000ec680000,0x00000000ec680000,0x00000000ec900000)
  to   space 2560K, 0% used [0x00000000ec400000,0x00000000ec400000,0x00000000ec680000)
 ParOldGen       total 42496K, used 0K [0x00000000c1c00000, 0x00000000c4580000, 0x00000000eb400000)
  object space 42496K, 0% used [0x00000000c1c00000,0x00000000c1c00000,0x00000000c4580000)
 PSPermGen       total 21504K, used 3399K [0x00000000bca00000, 0x00000000bdf00000, 0x00000000c1c00000)
  object space 21504K, 15% used [0x00000000bca00000,0x00000000bcd51c38,0x00000000bdf00000)

Card table byte_map: [0x0000000005140000,0x0000000005360000] byte_map_base: 0x0000000004b5b000

Polling page: 0x0000000000490000

Code Cache  [0x0000000002080000, 0x00000000022f0000, 0x0000000005080000)
 total_blobs=193 nmethods=3 adapters=151 free_code_cache=48760Kb largest_free_block=49915136

Compilation events (6 events):
Event: 0.235 Thread 0x0000000007e32800    1             sun.misc.ASCIICaseInsensitiveComparator::compare (126 bytes)
Event: 0.235 Thread 0x0000000007e34000    2             java.lang.String::charAt (29 bytes)
Event: 0.241 Thread 0x0000000007e34000 nmethod 2 0x00000000020e0bd0 code [0x00000000020e0d20, 0x00000000020e0df8]
Event: 0.247 Thread 0x0000000007e32800 nmethod 1 0x00000000020e0190 code [0x00000000020e02e0, 0x00000000020e0718]
Event: 0.255 Thread 0x0000000007e34000    3             java.lang.String::hashCode (55 bytes)
Event: 0.258 Thread 0x0000000007e34000 nmethod 3 0x00000000020df750 code [0x00000000020df880, 0x00000000020df9f8]

GC Heap History (0 events):
No events

Deoptimization events (0 events):
No events

Internal exceptions (6 events):
Event: 0.030 Thread 0x0000000001edd800 Threw 0x00000000eb4107b0 at C:\re\jdk7u45\229\hotspot\src\share\vm\prims\jni.cpp:3991
Event: 0.210 Thread 0x0000000001edd800 Threw 0x00000000eb461ae0 at C:\re\jdk7u45\229\hotspot\src\share\vm\prims\jvm.cpp:1244
Event: 0.242 Thread 0x0000000001edd800 Threw 0x00000000eb48d090 at C:\re\jdk7u45\229\hotspot\src\share\vm\prims\jvm.cpp:1244
Event: 0.242 Thread 0x0000000001edd800 Threw 0x00000000eb48d1b8 at C:\re\jdk7u45\229\hotspot\src\share\vm\prims\jvm.cpp:1244
Event: 0.244 Thread 0x0000000001edd800 Threw 0x00000000eb4906f0 at C:\re\jdk7u45\229\hotspot\src\share\vm\prims\jvm.cpp:1244
Event: 0.244 Thread 0x0000000001edd800 Threw 0x00000000eb490818 at C:\re\jdk7u45\229\hotspot\src\share\vm\prims\jvm.cpp:1244

Events (10 events):
Event: 581.293 Executing VM operation: ChangeBreakpoints
Event: 581.293 Executing VM operation: ChangeBreakpoints done
Event: 581.296 Executing VM operation: ChangeBreakpoints
Event: 581.296 Executing VM operation: ChangeBreakpoints done
Event: 581.299 Executing VM operation: ChangeBreakpoints
Event: 581.299 Executing VM operation: ChangeBreakpoints done
Event: 581.302 Executing VM operation: ChangeBreakpoints
Event: 581.302 Executing VM operation: ChangeBreakpoints done
Event: 596.394 Executing VM operation: RedefineClasses
Event: 596.395 Executing VM operation: RedefineClasses done


Dynamic libraries:
0x00007ff683b40000 - 0x00007ff683b73000 	C:\Program Files\Java\jre7\bin\javaw.exe
0x00007ff8922a0000 - 0x00007ff892449000 	C:\WINDOWS\SYSTEM32\ntdll.dll
0x00007ff890c40000 - 0x00007ff890d79000 	C:\WINDOWS\system32\KERNEL32.DLL
0x00007ff88f6f0000 - 0x00007ff88f7fe000 	C:\WINDOWS\system32\KERNELBASE.dll
0x00007ff88e250000 - 0x00007ff88e2db000 	C:\WINDOWS\system32\apphelp.dll
0x00007ff889550000 - 0x00007ff88959f000 	C:\WINDOWS\AppPatch\AppPatch64\AcGenral.DLL
0x00007ff88ffd0000 - 0x00007ff890077000 	C:\WINDOWS\system32\msvcrt.dll
0x00007ff88f4d0000 - 0x00007ff88f4fb000 	C:\WINDOWS\SYSTEM32\SspiCli.dll
0x00007ff890390000 - 0x00007ff8903e1000 	C:\WINDOWS\system32\SHLWAPI.dll
0x00007ff890900000 - 0x00007ff890a71000 	C:\WINDOWS\system32\USER32.dll
0x00007ff8903f0000 - 0x00007ff890566000 	C:\WINDOWS\system32\ole32.dll
0x00007ff890df0000 - 0x00007ff8921ff000 	C:\WINDOWS\system32\SHELL32.dll
0x00007ff88eca0000 - 0x00007ff88ecbf000 	C:\WINDOWS\SYSTEM32\USERENV.dll
0x00007ff890280000 - 0x00007ff890325000 	C:\WINDOWS\system32\ADVAPI32.dll
0x00007ff87fc70000 - 0x00007ff87fc8b000 	C:\WINDOWS\SYSTEM32\MPR.dll
0x00007ff890b00000 - 0x00007ff890c36000 	C:\WINDOWS\system32\RPCRT4.dll
0x00007ff890330000 - 0x00007ff890387000 	C:\WINDOWS\SYSTEM32\sechost.dll
0x00007ff88fd00000 - 0x00007ff88fed7000 	C:\WINDOWS\SYSTEM32\combase.dll
0x00007ff88fbb0000 - 0x00007ff88fcf5000 	C:\WINDOWS\system32\GDI32.dll
0x00007ff88f620000 - 0x00007ff88f634000 	C:\WINDOWS\SYSTEM32\profapi.dll
0x00007ff88da50000 - 0x00007ff88daf1000 	C:\WINDOWS\SYSTEM32\SHCORE.dll
0x00007ff88ff90000 - 0x00007ff88ffc4000 	C:\WINDOWS\system32\IMM32.DLL
0x00007ff890080000 - 0x00007ff8901b8000 	C:\WINDOWS\system32\MSCTF.dll
0x00007ff88c4a0000 - 0x00007ff88c6fa000 	C:\WINDOWS\WinSxS\amd64_microsoft.windows.common-controls_6595b64144ccf1df_6.0.9600.16384_none_62475f7becb72503\COMCTL32.dll
0x000000005c4d0000 - 0x000000005c5a2000 	C:\Program Files\Java\jre7\bin\msvcr100.dll
0x000000005bd00000 - 0x000000005c4c9000 	C:\Program Files\Java\jre7\bin\server\jvm.dll
0x00007ff886e80000 - 0x00007ff886e89000 	C:\WINDOWS\SYSTEM32\WSOCK32.dll
0x00007ff88a1e0000 - 0x00007ff88a1ff000 	C:\WINDOWS\SYSTEM32\WINMM.dll
0x00007ff890ae0000 - 0x00007ff890ae7000 	C:\WINDOWS\system32\PSAPI.DLL
0x00007ff890a80000 - 0x00007ff890ad8000 	C:\WINDOWS\system32\WS2_32.dll
0x00007ff88a1b0000 - 0x00007ff88a1da000 	C:\WINDOWS\SYSTEM32\WINMMBASE.dll
0x00007ff890af0000 - 0x00007ff890af9000 	C:\WINDOWS\system32\NSI.dll
0x00007ff88f800000 - 0x00007ff88f84a000 	C:\WINDOWS\SYSTEM32\cfgmgr32.dll
0x00007ff88e4a0000 - 0x00007ff88e4c6000 	C:\WINDOWS\SYSTEM32\DEVOBJ.dll
0x000000005bcf0000 - 0x000000005bcff000 	C:\Program Files\Java\jre7\bin\verify.dll
0x000000005bcc0000 - 0x000000005bce8000 	C:\Program Files\Java\jre7\bin\java.dll
0x000000005b650000 - 0x000000005b685000 	C:\Program Files\Java\jre7\bin\jdwp.dll
0x000000005b640000 - 0x000000005b648000 	C:\Program Files\Java\jre7\bin\npt.dll
0x000000005bca0000 - 0x000000005bcb5000 	C:\Program Files\Java\jre7\bin\zip.dll
0x000000005b630000 - 0x000000005b639000 	C:\Program Files\Java\jre7\bin\dt_socket.dll
0x00007ff880850000 - 0x00007ff880864000 	C:\WINDOWS\system32\napinsp.dll
0x00007ff880830000 - 0x00007ff880849000 	C:\WINDOWS\system32\pnrpnsp.dll
0x00007ff88b880000 - 0x00007ff88b899000 	C:\WINDOWS\system32\NLAapi.dll
0x00007ff88eeb0000 - 0x00007ff88ef08000 	C:\WINDOWS\System32\mswsock.dll
0x00007ff88ecc0000 - 0x00007ff88ed63000 	C:\WINDOWS\SYSTEM32\DNSAPI.dll
0x00007ff880820000 - 0x00007ff88082c000 	C:\WINDOWS\System32\winrnr.dll
0x00007ff880800000 - 0x00007ff880813000 	C:\WINDOWS\system32\wshbth.dll
0x00007ff889c40000 - 0x00007ff889ca7000 	C:\WINDOWS\System32\fwpuclnt.dll
0x00007ff884c80000 - 0x00007ff884c89000 	C:\Windows\System32\rasadhlp.dll
0x00007ff87cc40000 - 0x00007ff87cdc8000 	C:\WINDOWS\SYSTEM32\dbghelp.dll

VM Arguments:
jvm_args: -agentlib:jdwp=transport=dt_socket,suspend=y,address=localhost:11757 -Dfile.encoding=Cp1255 
java_command: block_ciphers.DES_Cipher p.txt p_.txt k.txt
Launcher Type: SUN_STANDARD

Environment Variables:
PATH=C:\WINDOWS\system32;C:\WINDOWS;C:\WINDOWS\System32\Wbem;C:\WINDOWS\System32\WindowsPowerShell\v1.0\;C:\Program Files (x86)\Microsoft ASP.NET\ASP.NET Web Pages\v1.0\;C:\Program Files\Microsoft SQL Server\110\Tools\Binn\;C:\Program Files\Intel\WiFi\bin\;C:\Program Files\Common Files\Intel\WirelessCommon\;C:\Program Files (x86)\Microsoft SQL Server\100\Tools\Binn\;C:\Program Files\Microsoft SQL Server\100\Tools\Binn\;C:\Program Files\Microsoft SQL Server\100\DTS\Binn\;C:\Program Files (x86)\Windows Kits\8.0\Windows Performance Toolkit\;C:\Program Files\nodejs\;C:\Program Files\TortoiseSVN\bin;C:\Program Files\Microsoft\Web Platform Installer\;C:\Program Files\Java\jdk1.7.0_45\bin;C:\Program Files (x86)\Nmap
USERNAME=Nemo2
OS=Windows_NT
PROCESSOR_IDENTIFIER=Intel64 Family 6 Model 58 Stepping 9, GenuineIntel



---------------  S Y S T E M  ---------------

OS: Windows 8 , 64 bit Build 9200 

CPU:total 4 (2 cores per cpu, 2 threads per core) family 6 model 58 stepping 9, cmov, cx8, fxsr, mmx, sse, sse2, sse3, ssse3, sse4.1, sse4.2, popcnt, avx, aes, erms, ht, tsc, tscinvbit, tscinv

Memory: 4k page, physical 4077484k(1016372k free), swap 8098228k(2600396k free)

vm_info: Java HotSpot(TM) 64-Bit Server VM (24.45-b08) for windows-amd64 JRE (1.7.0_45-b18), built on Oct  8 2013 05:47:22 by "java_re" with unknown MS VC++:1600

time: Sun Jan 12 01:01:07 2014
elapsed time: 596 seconds

